<?xml version="1.0" encoding="UTF-8"?>
<!-- Generated by org.testng.reporters.JUnitReportReporter -->
<testsuite hostname="DESKTOP-7BUCPCP" failures="0" tests="1" name="Test_Classes.Post_Login_TC1" time="1.485" errors="0" timestamp="2023-07-13T00:10:02 IST" skipped="0">
  <testcase classname="Test_Classes.Post_Login_TC1" name="extractor" time="1.485"/>
  <system-out/>
</testsuite> <!-- Test_Classes.Post_Login_TC1 -->
